6/0/0 = b'0.0' (b'scren_updown_toggle')
0/1/0 = b'0.0' (b'downlights_onof')
0/1/1 = b'0.0' (b'downlights_dimming')
0/1/2 = b'0.0' (b'downlights_2c_pb1')
0/1/3 = b'0.0' (b'downlights_2c_pb2')
0/1/4 = b'0.0' (b'downlights_2c_pb3')
0/1/5 = b'0.0' (b'downlights_2c_pb4')
0/1/6 = b'0.0' (b'Dimmer')
0/1/7 = b'0.0' (b'downlights_onoff_1')
0/1/8 = b'0.0' (b'downlights_onoff_2')
0/1/9 = b'0.0' (b'downlights_onoff_3')
0/1/10 = b'0.0' (b'downlights_onoff_4')
0/1/11 = b'1.0' (b'downlights_all_onoff')
0/0/1 = b'1.0' (b'OnOffWithDelay')
0/0/4 = b'0.0' (b'OnOff_2nd_sw_o2')
0/0/5 = b'0.0' (b'OnOff_2nd_sw_o3')
0/0/6 = b'0.0' (b'OnOff_2nd_sw_o4')
0/0/7 = b'0.0' (b'OnOff_2nd_sw_all')
0/0/3 = b'0.0' (b'OnOff_2nd_sw_o1')
1/0/0 = b'0.0' (b'AllWindowsLong')
1/0/1 = b'0.0' (b'AllWindowsMake')
1/4/0 = b'0.0' (b'open_close_window_rr')
1/4/1 = b'0.0' (b'open_close_window_rl')
1/4/2 = b'0.0' (b'open_close_window_lr')
1/4/3 = b'1.0' (b'open_close_window_ll')
1/1/0 = b'1.0' (b'Window_right_oc')
1/1/1 = b'0.0' (b'Window_left_oc')
1/2/0 = b'0.0' (b'Shutters_R')
1/2/1 = b'0.0' (b'Shutters_L')
2/0/1 = b'22.5' (b'TemperatureSetpointP216')
2/0/2 = b'26.5' (b'TemperatureValueP216')
2/0/0 = b'0.0' (b'OnOffTemperature')
2/2/0 = b'0.0' (b'InternalTemperatureP216')
3/0/0 = b'0.0' (b'open_close_P216')
3/0/1 = b'0.0' (b'openc_closeP217')
4/0/0 = b'1.0' (b'Wind.speed')
4/0/2 = b'0.0' (b'Wind.NoWindSignal')
4/0/1 = b'0.0' (b'Wind.WindSensorUnchanged')
4/1/0 = b'59.4' (b'External Temperature')
4/2/0 = b'673.92' (b'Dawn Sensor')
4/4/0 = b'3304.96' (b'Light')
0/2/0 = b'50.0' (b'value')
7/0/0 = b'0.0' (b'il_ch1')
7/0/1 = b'0.0' (b'il_ch2')
7/1/0 = b'0.0' (b'dl_ch1')
